{"level":"info","message":"server running on port 3000"}
{"level":"info","message":"server running on port 3000"}
{"level":"info","message":"server running on port 3000"}
{"level":"info","message":"server running on port 3000"}
{"level":"info","message":"server running on port 3000"}
{"level":"info","message":"server running on port 3000"}
{"level":"info","message":"server running on port 3000"}
{"level":"info","message":"server running on port 3000"}
{"level":"info","message":"server running on port 3000"}
{"level":"info","message":"server running on port 3000"}
{"level":"info","message":"server running on port 3000"}
{"level":"info","message":"server running on port 3000"}
{"level":"info","message":"server running on port 3000"}
{"level":"info","message":"server running on port 3000"}
{"level":"info","message":"server running on port 3000"}
{"level":"info","message":"server running on port 3000"}
{"level":"info","message":"server running on port 3000"}
{"level":"info","message":"server running on port 3000"}
{"level":"info","message":"server running on port 3000"}
{"level":"info","message":"server running on port 3000"}
{"level":"info","message":"server running on port 3000"}
{"level":"info","message":"server running on port 3000"}
{"level":"info","message":"server running on port 3000"}
{"level":"info","message":"Starting a mysql pool with 13 connections.","target":"quaint::pooled","timestamp":"2024-07-03T07:05:57.567Z"}
{"level":"info","message":{"duration":388,"params":"[\"rusnanda\",1,0]","query":"SELECT `bopp2j6tzvcphyfrbpaz`.`users`.`id`, `bopp2j6tzvcphyfrbpaz`.`users`.`username`, `bopp2j6tzvcphyfrbpaz`.`users`.`password`, `bopp2j6tzvcphyfrbpaz`.`users`.`first_name`, `bopp2j6tzvcphyfrbpaz`.`users`.`last_name` FROM `bopp2j6tzvcphyfrbpaz`.`users` WHERE `bopp2j6tzvcphyfrbpaz`.`users`.`username` = ? LIMIT ? OFFSET ?","target":"quaint::connector::metrics","timestamp":"2024-07-03T07:06:00.972Z"}}
{"level":"info","message":{"duration":193,"params":"[]","query":"SELECT 1","target":"quaint::connector::metrics","timestamp":"2024-07-03T07:06:20.774Z"}}
{"level":"info","message":{"duration":384,"params":"[\"6e2ee82b-4ae6-4042-9ddc-128a2795f508\",1,0]","query":"SELECT `bopp2j6tzvcphyfrbpaz`.`users`.`id`, `bopp2j6tzvcphyfrbpaz`.`users`.`username`, `bopp2j6tzvcphyfrbpaz`.`users`.`first_name`, `bopp2j6tzvcphyfrbpaz`.`users`.`last_name` FROM `bopp2j6tzvcphyfrbpaz`.`users` WHERE `bopp2j6tzvcphyfrbpaz`.`users`.`id` = ? LIMIT ? OFFSET ?","target":"quaint::connector::metrics","timestamp":"2024-07-03T07:06:21.159Z"}}
{"level":"info","message":{"duration":192,"params":"[\"6e2ee82b-4ae6-4042-9ddc-128a2795f508\",1,0]","query":"SELECT `bopp2j6tzvcphyfrbpaz`.`users`.`id`, `bopp2j6tzvcphyfrbpaz`.`users`.`username`, `bopp2j6tzvcphyfrbpaz`.`users`.`first_name`, `bopp2j6tzvcphyfrbpaz`.`users`.`last_name` FROM `bopp2j6tzvcphyfrbpaz`.`users` WHERE `bopp2j6tzvcphyfrbpaz`.`users`.`id` = ? LIMIT ? OFFSET ?","target":"quaint::connector::metrics","timestamp":"2024-07-03T07:06:23.596Z"}}
{"level":"info","message":"server running on port 3000"}
{"level":"info","message":"server running on port 3000"}
{"level":"info","message":"server running on port 3000"}
{"level":"info","message":"Starting a mysql pool with 13 connections.","target":"quaint::pooled","timestamp":"2024-07-03T07:25:44.748Z"}
{"level":"info","message":{"duration":408,"params":"[\"6e2ee82b-4ae6-4042-9ddc-128a2795f508\",1,0]","query":"SELECT `bopp2j6tzvcphyfrbpaz`.`users`.`id`, `bopp2j6tzvcphyfrbpaz`.`users`.`username`, `bopp2j6tzvcphyfrbpaz`.`users`.`first_name`, `bopp2j6tzvcphyfrbpaz`.`users`.`last_name` FROM `bopp2j6tzvcphyfrbpaz`.`users` WHERE (`bopp2j6tzvcphyfrbpaz`.`users`.`id` = ? AND 1=1) LIMIT ? OFFSET ?","target":"quaint::connector::metrics","timestamp":"2024-07-03T07:25:46.493Z"}}
{"level":"info","message":{"duration":204,"params":"[\"6e2ee82b-4ae6-4042-9ddc-128a2795f508\",1,0]","query":"SELECT `bopp2j6tzvcphyfrbpaz`.`users`.`id`, `bopp2j6tzvcphyfrbpaz`.`users`.`username`, `bopp2j6tzvcphyfrbpaz`.`users`.`first_name`, `bopp2j6tzvcphyfrbpaz`.`users`.`last_name` FROM `bopp2j6tzvcphyfrbpaz`.`users` WHERE (`bopp2j6tzvcphyfrbpaz`.`users`.`id` = ? AND 1=1) LIMIT ? OFFSET ?","target":"quaint::connector::metrics","timestamp":"2024-07-03T07:25:47.962Z"}}
{"level":"info","message":{"duration":203,"params":"[\"6e2ee82b-4ae6-4042-9ddc-128a2795f508\",1,0]","query":"SELECT `bopp2j6tzvcphyfrbpaz`.`users`.`id`, `bopp2j6tzvcphyfrbpaz`.`users`.`username`, `bopp2j6tzvcphyfrbpaz`.`users`.`first_name`, `bopp2j6tzvcphyfrbpaz`.`users`.`last_name` FROM `bopp2j6tzvcphyfrbpaz`.`users` WHERE (`bopp2j6tzvcphyfrbpaz`.`users`.`id` = ? AND 1=1) LIMIT ? OFFSET ?","target":"quaint::connector::metrics","timestamp":"2024-07-03T07:25:48.918Z"}}
{"level":"info","message":"server running on port 3000"}
{"level":"info","message":"Starting a mysql pool with 13 connections.","target":"quaint::pooled","timestamp":"2024-07-03T07:26:59.665Z"}
{"level":"info","message":{"duration":385,"params":"[\"6e2ee82b-4ae6-4042-9ddc-128a2795f508\",1,0]","query":"SELECT `bopp2j6tzvcphyfrbpaz`.`users`.`id`, `bopp2j6tzvcphyfrbpaz`.`users`.`username`, `bopp2j6tzvcphyfrbpaz`.`users`.`password`, `bopp2j6tzvcphyfrbpaz`.`users`.`first_name`, `bopp2j6tzvcphyfrbpaz`.`users`.`last_name` FROM `bopp2j6tzvcphyfrbpaz`.`users` WHERE (`bopp2j6tzvcphyfrbpaz`.`users`.`id` = ? AND 1=1) LIMIT ? OFFSET ?","target":"quaint::connector::metrics","timestamp":"2024-07-03T07:27:00.834Z"}}
{"level":"info","message":{"duration":192,"params":"[\"6e2ee82b-4ae6-4042-9ddc-128a2795f508\",1,0]","query":"SELECT `bopp2j6tzvcphyfrbpaz`.`users`.`id`, `bopp2j6tzvcphyfrbpaz`.`users`.`username`, `bopp2j6tzvcphyfrbpaz`.`users`.`password`, `bopp2j6tzvcphyfrbpaz`.`users`.`first_name`, `bopp2j6tzvcphyfrbpaz`.`users`.`last_name` FROM `bopp2j6tzvcphyfrbpaz`.`users` WHERE (`bopp2j6tzvcphyfrbpaz`.`users`.`id` = ? AND 1=1) LIMIT ? OFFSET ?","target":"quaint::connector::metrics","timestamp":"2024-07-03T07:27:04.219Z"}}
{"level":"info","message":{"duration":647,"params":"[\"6e2ee82b-4ae6-4042-9ddc-128a2795f508\",1,0]","query":"SELECT `bopp2j6tzvcphyfrbpaz`.`users`.`id`, `bopp2j6tzvcphyfrbpaz`.`users`.`username`, `bopp2j6tzvcphyfrbpaz`.`users`.`password`, `bopp2j6tzvcphyfrbpaz`.`users`.`first_name`, `bopp2j6tzvcphyfrbpaz`.`users`.`last_name` FROM `bopp2j6tzvcphyfrbpaz`.`users` WHERE (`bopp2j6tzvcphyfrbpaz`.`users`.`id` = ? AND 1=1) LIMIT ? OFFSET ?","target":"quaint::connector::metrics","timestamp":"2024-07-03T07:27:08.002Z"}}
{"level":"info","message":{"duration":191,"params":"[]","query":"BEGIN","target":"quaint::connector::metrics","timestamp":"2024-07-03T07:27:08.304Z"}}
{"level":"info","message":{"duration":383,"params":"[\"6e2ee82b-4ae6-4042-9ddc-128a2795f508\"]","query":"SELECT `bopp2j6tzvcphyfrbpaz`.`users`.`id` FROM `bopp2j6tzvcphyfrbpaz`.`users` WHERE (`bopp2j6tzvcphyfrbpaz`.`users`.`id` = ? AND 1=1)","target":"quaint::connector::metrics","timestamp":"2024-07-03T07:27:08.690Z"}}
{"level":"info","message":{"duration":383,"params":"[\"$2b$10$H4RL4npw3oN4qRSGudbmOeO75nj3ONgQGBjPl5ntlEcIzl56zMwly\",\"6e2ee82b-4ae6-4042-9ddc-128a2795f508\",\"6e2ee82b-4ae6-4042-9ddc-128a2795f508\"]","query":"UPDATE `bopp2j6tzvcphyfrbpaz`.`users` SET `password` = ? WHERE (`bopp2j6tzvcphyfrbpaz`.`users`.`id` IN (?) AND (`bopp2j6tzvcphyfrbpaz`.`users`.`id` = ? AND 1=1))","target":"quaint::connector::metrics","timestamp":"2024-07-03T07:27:09.075Z"}}
{"level":"info","message":{"duration":383,"params":"[\"6e2ee82b-4ae6-4042-9ddc-128a2795f508\",1,0]","query":"SELECT `bopp2j6tzvcphyfrbpaz`.`users`.`id`, `bopp2j6tzvcphyfrbpaz`.`users`.`username`, `bopp2j6tzvcphyfrbpaz`.`users`.`password`, `bopp2j6tzvcphyfrbpaz`.`users`.`first_name`, `bopp2j6tzvcphyfrbpaz`.`users`.`last_name` FROM `bopp2j6tzvcphyfrbpaz`.`users` WHERE `bopp2j6tzvcphyfrbpaz`.`users`.`id` = ? LIMIT ? OFFSET ?","target":"quaint::connector::metrics","timestamp":"2024-07-03T07:27:09.459Z"}}
{"level":"info","message":{"duration":193,"params":"[]","query":"COMMIT","target":"quaint::connector::metrics","timestamp":"2024-07-03T07:27:09.653Z"}}
{"level":"info","message":"server running on port 3000"}
{"level":"info","message":"server running on port 3000"}
{"level":"info","message":"server running on port 3000"}
{"level":"info","message":"server running on port 3000"}
{"level":"info","message":"Starting a mysql pool with 13 connections.","target":"quaint::pooled","timestamp":"2024-07-03T07:28:04.720Z"}
{"level":"info","message":{"duration":382,"params":"[\"6e2ee82b-4ae6-4042-9ddc-128a2795f508\",1,0]","query":"SELECT `bopp2j6tzvcphyfrbpaz`.`users`.`id`, `bopp2j6tzvcphyfrbpaz`.`users`.`username`, `bopp2j6tzvcphyfrbpaz`.`users`.`password`, `bopp2j6tzvcphyfrbpaz`.`users`.`first_name`, `bopp2j6tzvcphyfrbpaz`.`users`.`last_name` FROM `bopp2j6tzvcphyfrbpaz`.`users` WHERE (`bopp2j6tzvcphyfrbpaz`.`users`.`id` = ? AND 1=1) LIMIT ? OFFSET ?","target":"quaint::connector::metrics","timestamp":"2024-07-03T07:28:07.112Z"}}
{"level":"info","message":{"duration":195,"params":"[\"6e2ee82b-4ae6-4042-9ddc-128a2795f508\",1,0]","query":"SELECT `bopp2j6tzvcphyfrbpaz`.`users`.`id`, `bopp2j6tzvcphyfrbpaz`.`users`.`username`, `bopp2j6tzvcphyfrbpaz`.`users`.`password`, `bopp2j6tzvcphyfrbpaz`.`users`.`first_name`, `bopp2j6tzvcphyfrbpaz`.`users`.`last_name` FROM `bopp2j6tzvcphyfrbpaz`.`users` WHERE (`bopp2j6tzvcphyfrbpaz`.`users`.`id` = ? AND 1=1) LIMIT ? OFFSET ?","target":"quaint::connector::metrics","timestamp":"2024-07-03T07:28:19.561Z"}}
{"level":"info","message":{"duration":193,"params":"[]","query":"BEGIN","target":"quaint::connector::metrics","timestamp":"2024-07-03T07:28:19.866Z"}}
{"level":"info","message":{"duration":385,"params":"[\"6e2ee82b-4ae6-4042-9ddc-128a2795f508\"]","query":"SELECT `bopp2j6tzvcphyfrbpaz`.`users`.`id` FROM `bopp2j6tzvcphyfrbpaz`.`users` WHERE (`bopp2j6tzvcphyfrbpaz`.`users`.`id` = ? AND 1=1)","target":"quaint::connector::metrics","timestamp":"2024-07-03T07:28:20.251Z"}}
{"level":"info","message":{"duration":381,"params":"[\"$2b$10$yt6X0BH1Le2R9TVx2oOjOeRxVzk13goc2jMNNdmAo9VXA4ooW8rFm\",\"6e2ee82b-4ae6-4042-9ddc-128a2795f508\",\"6e2ee82b-4ae6-4042-9ddc-128a2795f508\"]","query":"UPDATE `bopp2j6tzvcphyfrbpaz`.`users` SET `password` = ? WHERE (`bopp2j6tzvcphyfrbpaz`.`users`.`id` IN (?) AND (`bopp2j6tzvcphyfrbpaz`.`users`.`id` = ? AND 1=1))","target":"quaint::connector::metrics","timestamp":"2024-07-03T07:28:20.633Z"}}
{"level":"info","message":{"duration":381,"params":"[\"6e2ee82b-4ae6-4042-9ddc-128a2795f508\",1,0]","query":"SELECT `bopp2j6tzvcphyfrbpaz`.`users`.`id`, `bopp2j6tzvcphyfrbpaz`.`users`.`username` FROM `bopp2j6tzvcphyfrbpaz`.`users` WHERE `bopp2j6tzvcphyfrbpaz`.`users`.`id` = ? LIMIT ? OFFSET ?","target":"quaint::connector::metrics","timestamp":"2024-07-03T07:28:21.015Z"}}
{"level":"info","message":{"duration":206,"params":"[]","query":"COMMIT","target":"quaint::connector::metrics","timestamp":"2024-07-03T07:28:21.221Z"}}
{"level":"info","message":"server running on port 3000"}
{"level":"info","message":"Starting a mysql pool with 13 connections.","target":"quaint::pooled","timestamp":"2024-07-03T07:30:52.598Z"}
{"level":"info","message":{"duration":384,"params":"[\"6e2ee82b-4ae6-4042-9ddc-128a2795f508\",1,0]","query":"SELECT `bopp2j6tzvcphyfrbpaz`.`users`.`id`, `bopp2j6tzvcphyfrbpaz`.`users`.`username`, `bopp2j6tzvcphyfrbpaz`.`users`.`password`, `bopp2j6tzvcphyfrbpaz`.`users`.`first_name`, `bopp2j6tzvcphyfrbpaz`.`users`.`last_name` FROM `bopp2j6tzvcphyfrbpaz`.`users` WHERE (`bopp2j6tzvcphyfrbpaz`.`users`.`id` = ? AND 1=1) LIMIT ? OFFSET ?","target":"quaint::connector::metrics","timestamp":"2024-07-03T07:30:53.756Z"}}
{"level":"info","message":"server running on port 3000"}
{"level":"info","message":"server running on port 3000"}
{"level":"info","message":"server running on port 3000"}
{"level":"info","message":"server running on port 3000"}
{"level":"info","message":"server running on port 3000"}
{"level":"info","message":"server running on port 3000"}
{"level":"info","message":"server running on port 3000"}
{"level":"info","message":"server running on port 3000"}
{"level":"info","message":"server running on port 3000"}
{"level":"info","message":"server running on port 3000"}
{"level":"info","message":"server running on port 3000"}
{"level":"info","message":"server running on port 3000"}
{"level":"info","message":"Starting a mysql pool with 13 connections.","target":"quaint::pooled","timestamp":"2024-07-03T07:54:33.483Z"}
{"level":"info","message":{"duration":408,"params":"[\"6e2ee82b-4ae6-4042-9ddc-128a2795f508\",1,0]","query":"SELECT `bopp2j6tzvcphyfrbpaz`.`users`.`id`, `bopp2j6tzvcphyfrbpaz`.`users`.`username`, `bopp2j6tzvcphyfrbpaz`.`users`.`password`, `bopp2j6tzvcphyfrbpaz`.`users`.`first_name`, `bopp2j6tzvcphyfrbpaz`.`users`.`last_name` FROM `bopp2j6tzvcphyfrbpaz`.`users` WHERE (`bopp2j6tzvcphyfrbpaz`.`users`.`id` = ? AND 1=1) LIMIT ? OFFSET ?","target":"quaint::connector::metrics","timestamp":"2024-07-03T07:54:35.328Z"}}
{"level":"info","message":{"duration":206,"params":"[]","query":"SELECT 1","target":"quaint::connector::metrics","timestamp":"2024-07-03T07:54:54.566Z"}}
{"level":"info","message":{"duration":407,"params":"[\"6e2ee82b-4ae6-4042-9ddc-128a2795f508\"]","query":"SELECT COUNT(*) FROM (SELECT `bopp2j6tzvcphyfrbpaz`.`users`.`id` FROM `bopp2j6tzvcphyfrbpaz`.`users` WHERE `bopp2j6tzvcphyfrbpaz`.`users`.`id` = ?) AS `sub`","target":"quaint::connector::metrics","timestamp":"2024-07-03T07:54:54.975Z"}}
{"level":"info","message":{"duration":203,"params":"[\"6e2ee82b-4ae6-4042-9ddc-128a2795f508\"]","query":"SELECT COUNT(*) FROM (SELECT `bopp2j6tzvcphyfrbpaz`.`users`.`id` FROM `bopp2j6tzvcphyfrbpaz`.`users` WHERE `bopp2j6tzvcphyfrbpaz`.`users`.`id` = ?) AS `sub`","target":"quaint::connector::metrics","timestamp":"2024-07-03T07:55:00.491Z"}}
{"level":"info","message":"server running on port 3000"}
{"level":"info","message":"Starting a mysql pool with 13 connections.","target":"quaint::pooled","timestamp":"2024-07-03T07:55:39.888Z"}
{"level":"info","message":{"duration":381,"params":"[\"6e2ee82b-4ae6-4042-9ddc-128a2795f508\"]","query":"SELECT COUNT(*) FROM (SELECT `bopp2j6tzvcphyfrbpaz`.`users`.`id` FROM `bopp2j6tzvcphyfrbpaz`.`users` WHERE `bopp2j6tzvcphyfrbpaz`.`users`.`id` = ?) AS `sub`","target":"quaint::connector::metrics","timestamp":"2024-07-03T07:55:41.039Z"}}
{"level":"info","message":"server running on port 3000"}
{"level":"info","message":"Starting a mysql pool with 13 connections.","target":"quaint::pooled","timestamp":"2024-07-03T07:55:56.159Z"}
{"level":"info","message":{"duration":501,"params":"[\"6e2ee82b-4ae6-4042-9ddc-128a2795f508\"]","query":"SELECT COUNT(*) FROM (SELECT `bopp2j6tzvcphyfrbpaz`.`users`.`id` FROM `bopp2j6tzvcphyfrbpaz`.`users` WHERE `bopp2j6tzvcphyfrbpaz`.`users`.`id` = ?) AS `sub`","target":"quaint::connector::metrics","timestamp":"2024-07-03T07:55:57.577Z"}}
{"level":"info","message":{"duration":233,"params":"[]","query":"BEGIN","target":"quaint::connector::metrics","timestamp":"2024-07-03T07:55:57.812Z"}}
{"level":"info","message":{"duration":475,"params":"[\"6e2ee82b-4ae6-4042-9ddc-128a2795f508\"]","query":"SELECT `bopp2j6tzvcphyfrbpaz`.`users`.`id` FROM `bopp2j6tzvcphyfrbpaz`.`users` WHERE (`bopp2j6tzvcphyfrbpaz`.`users`.`id` = ? AND 1=1)","target":"quaint::connector::metrics","timestamp":"2024-07-03T07:55:58.287Z"}}
{"level":"info","message":{"duration":505,"params":"[\"6e2ee82b-4ae6-4042-9ddc-128a2795f508\",1,0]","query":"SELECT `bopp2j6tzvcphyfrbpaz`.`users`.`id`, `bopp2j6tzvcphyfrbpaz`.`users`.`username`, `bopp2j6tzvcphyfrbpaz`.`users`.`first_name`, `bopp2j6tzvcphyfrbpaz`.`users`.`last_name` FROM `bopp2j6tzvcphyfrbpaz`.`users` WHERE `bopp2j6tzvcphyfrbpaz`.`users`.`id` = ? LIMIT ? OFFSET ?","target":"quaint::connector::metrics","timestamp":"2024-07-03T07:55:58.793Z"}}
{"level":"info","message":{"duration":244,"params":"[]","query":"COMMIT","target":"quaint::connector::metrics","timestamp":"2024-07-03T07:55:59.038Z"}}
{"level":"info","message":{"duration":193,"params":"[]","query":"SELECT 1","target":"quaint::connector::metrics","timestamp":"2024-07-03T07:56:47.886Z"}}
{"level":"info","message":{"duration":193,"params":"[\"6e2ee82b-4ae6-4042-9ddc-128a2795f508\"]","query":"SELECT COUNT(*) FROM (SELECT `bopp2j6tzvcphyfrbpaz`.`users`.`id` FROM `bopp2j6tzvcphyfrbpaz`.`users` WHERE `bopp2j6tzvcphyfrbpaz`.`users`.`id` = ?) AS `sub`","target":"quaint::connector::metrics","timestamp":"2024-07-03T07:56:48.079Z"}}
{"level":"info","message":{"duration":213,"params":"[]","query":"BEGIN","target":"quaint::connector::metrics","timestamp":"2024-07-03T07:56:48.294Z"}}
{"level":"info","message":{"duration":217,"params":"[\"6e2ee82b-4ae6-4042-9ddc-128a2795f508\"]","query":"SELECT `bopp2j6tzvcphyfrbpaz`.`users`.`id` FROM `bopp2j6tzvcphyfrbpaz`.`users` WHERE (`bopp2j6tzvcphyfrbpaz`.`users`.`id` = ? AND 1=1)","target":"quaint::connector::metrics","timestamp":"2024-07-03T07:56:48.512Z"}}
{"level":"info","message":{"duration":442,"params":"[\"bang jago\",\"6e2ee82b-4ae6-4042-9ddc-128a2795f508\",\"6e2ee82b-4ae6-4042-9ddc-128a2795f508\"]","query":"UPDATE `bopp2j6tzvcphyfrbpaz`.`users` SET `first_name` = ? WHERE (`bopp2j6tzvcphyfrbpaz`.`users`.`id` IN (?) AND (`bopp2j6tzvcphyfrbpaz`.`users`.`id` = ? AND 1=1))","target":"quaint::connector::metrics","timestamp":"2024-07-03T07:56:48.954Z"}}
{"level":"info","message":{"duration":231,"params":"[\"6e2ee82b-4ae6-4042-9ddc-128a2795f508\",1,0]","query":"SELECT `bopp2j6tzvcphyfrbpaz`.`users`.`id`, `bopp2j6tzvcphyfrbpaz`.`users`.`username`, `bopp2j6tzvcphyfrbpaz`.`users`.`first_name`, `bopp2j6tzvcphyfrbpaz`.`users`.`last_name` FROM `bopp2j6tzvcphyfrbpaz`.`users` WHERE `bopp2j6tzvcphyfrbpaz`.`users`.`id` = ? LIMIT ? OFFSET ?","target":"quaint::connector::metrics","timestamp":"2024-07-03T07:56:49.186Z"}}
{"level":"info","message":{"duration":223,"params":"[]","query":"COMMIT","target":"quaint::connector::metrics","timestamp":"2024-07-03T07:56:49.409Z"}}
{"level":"info","message":{"duration":210,"params":"[\"6e2ee82b-4ae6-4042-9ddc-128a2795f508\"]","query":"SELECT COUNT(*) FROM (SELECT `bopp2j6tzvcphyfrbpaz`.`users`.`id` FROM `bopp2j6tzvcphyfrbpaz`.`users` WHERE `bopp2j6tzvcphyfrbpaz`.`users`.`id` = ?) AS `sub`","target":"quaint::connector::metrics","timestamp":"2024-07-03T07:56:56.204Z"}}
{"level":"info","message":{"duration":239,"params":"[]","query":"BEGIN","target":"quaint::connector::metrics","timestamp":"2024-07-03T07:56:56.445Z"}}
{"level":"info","message":{"duration":255,"params":"[\"6e2ee82b-4ae6-4042-9ddc-128a2795f508\"]","query":"SELECT `bopp2j6tzvcphyfrbpaz`.`users`.`id` FROM `bopp2j6tzvcphyfrbpaz`.`users` WHERE (`bopp2j6tzvcphyfrbpaz`.`users`.`id` = ? AND 1=1)","target":"quaint::connector::metrics","timestamp":"2024-07-03T07:56:56.701Z"}}
{"level":"info","message":{"duration":439,"params":"[\"bang jago\",\"6e2ee82b-4ae6-4042-9ddc-128a2795f508\",\"6e2ee82b-4ae6-4042-9ddc-128a2795f508\"]","query":"UPDATE `bopp2j6tzvcphyfrbpaz`.`users` SET `last_name` = ? WHERE (`bopp2j6tzvcphyfrbpaz`.`users`.`id` IN (?) AND (`bopp2j6tzvcphyfrbpaz`.`users`.`id` = ? AND 1=1))","target":"quaint::connector::metrics","timestamp":"2024-07-03T07:56:57.140Z"}}
{"level":"info","message":{"duration":193,"params":"[\"6e2ee82b-4ae6-4042-9ddc-128a2795f508\",1,0]","query":"SELECT `bopp2j6tzvcphyfrbpaz`.`users`.`id`, `bopp2j6tzvcphyfrbpaz`.`users`.`username`, `bopp2j6tzvcphyfrbpaz`.`users`.`first_name`, `bopp2j6tzvcphyfrbpaz`.`users`.`last_name` FROM `bopp2j6tzvcphyfrbpaz`.`users` WHERE `bopp2j6tzvcphyfrbpaz`.`users`.`id` = ? LIMIT ? OFFSET ?","target":"quaint::connector::metrics","timestamp":"2024-07-03T07:56:57.334Z"}}
{"level":"info","message":{"duration":209,"params":"[]","query":"COMMIT","target":"quaint::connector::metrics","timestamp":"2024-07-03T07:56:57.543Z"}}
{"level":"info","message":{"duration":219,"params":"[]","query":"SELECT 1","target":"quaint::connector::metrics","timestamp":"2024-07-03T07:57:24.538Z"}}
{"level":"info","message":{"duration":226,"params":"[\"6e2ee82b-4ae6-4042-9ddc-128a2795f508\"]","query":"SELECT COUNT(*) FROM (SELECT `bopp2j6tzvcphyfrbpaz`.`users`.`id` FROM `bopp2j6tzvcphyfrbpaz`.`users` WHERE `bopp2j6tzvcphyfrbpaz`.`users`.`id` = ?) AS `sub`","target":"quaint::connector::metrics","timestamp":"2024-07-03T07:57:24.765Z"}}
{"level":"info","message":{"duration":203,"params":"[]","query":"BEGIN","target":"quaint::connector::metrics","timestamp":"2024-07-03T07:57:24.970Z"}}
{"level":"info","message":{"duration":221,"params":"[\"6e2ee82b-4ae6-4042-9ddc-128a2795f508\"]","query":"SELECT `bopp2j6tzvcphyfrbpaz`.`users`.`id` FROM `bopp2j6tzvcphyfrbpaz`.`users` WHERE (`bopp2j6tzvcphyfrbpaz`.`users`.`id` = ? AND 1=1)","target":"quaint::connector::metrics","timestamp":"2024-07-03T07:57:25.191Z"}}
{"level":"info","message":{"duration":416,"params":"[\"bang\",\"jago\",\"6e2ee82b-4ae6-4042-9ddc-128a2795f508\",\"6e2ee82b-4ae6-4042-9ddc-128a2795f508\"]","query":"UPDATE `bopp2j6tzvcphyfrbpaz`.`users` SET `first_name` = ?, `last_name` = ? WHERE (`bopp2j6tzvcphyfrbpaz`.`users`.`id` IN (?) AND (`bopp2j6tzvcphyfrbpaz`.`users`.`id` = ? AND 1=1))","target":"quaint::connector::metrics","timestamp":"2024-07-03T07:57:25.608Z"}}
{"level":"info","message":{"duration":238,"params":"[\"6e2ee82b-4ae6-4042-9ddc-128a2795f508\",1,0]","query":"SELECT `bopp2j6tzvcphyfrbpaz`.`users`.`id`, `bopp2j6tzvcphyfrbpaz`.`users`.`username`, `bopp2j6tzvcphyfrbpaz`.`users`.`first_name`, `bopp2j6tzvcphyfrbpaz`.`users`.`last_name` FROM `bopp2j6tzvcphyfrbpaz`.`users` WHERE `bopp2j6tzvcphyfrbpaz`.`users`.`id` = ? LIMIT ? OFFSET ?","target":"quaint::connector::metrics","timestamp":"2024-07-03T07:57:25.846Z"}}
{"level":"info","message":{"duration":232,"params":"[]","query":"COMMIT","target":"quaint::connector::metrics","timestamp":"2024-07-03T07:57:26.079Z"}}
{"level":"info","message":"server running on port 3000"}
{"level":"info","message":"Starting a mysql pool with 13 connections.","target":"quaint::pooled","timestamp":"2024-07-03T07:59:00.381Z"}
{"level":"info","message":{"duration":381,"params":"[\"6e2ee82b-4ae6-4042-9ddc-128a2795f508\",1,0]","query":"SELECT `bopp2j6tzvcphyfrbpaz`.`users`.`id`, `bopp2j6tzvcphyfrbpaz`.`users`.`username`, `bopp2j6tzvcphyfrbpaz`.`users`.`first_name`, `bopp2j6tzvcphyfrbpaz`.`users`.`last_name` FROM `bopp2j6tzvcphyfrbpaz`.`users` WHERE (`bopp2j6tzvcphyfrbpaz`.`users`.`id` = ? AND 1=1) LIMIT ? OFFSET ?","target":"quaint::connector::metrics","timestamp":"2024-07-03T07:59:01.532Z"}}
{"level":"info","message":{"duration":191,"params":"[]","query":"SELECT 1","target":"quaint::connector::metrics","timestamp":"2024-07-03T08:01:33.904Z"}}
{"level":"info","message":{"duration":382,"params":"[\"6e2ee82b-4ae6-4042-9ddc-128a2795f508\",1,0]","query":"SELECT `bopp2j6tzvcphyfrbpaz`.`users`.`id`, `bopp2j6tzvcphyfrbpaz`.`users`.`username`, `bopp2j6tzvcphyfrbpaz`.`users`.`password`, `bopp2j6tzvcphyfrbpaz`.`users`.`first_name`, `bopp2j6tzvcphyfrbpaz`.`users`.`last_name` FROM `bopp2j6tzvcphyfrbpaz`.`users` WHERE (`bopp2j6tzvcphyfrbpaz`.`users`.`id` = ? AND 1=1) LIMIT ? OFFSET ?","target":"quaint::connector::metrics","timestamp":"2024-07-03T08:01:34.287Z"}}
{"level":"info","message":{"duration":190,"params":"[]","query":"BEGIN","target":"quaint::connector::metrics","timestamp":"2024-07-03T08:01:34.588Z"}}
{"level":"info","message":{"duration":383,"params":"[\"6e2ee82b-4ae6-4042-9ddc-128a2795f508\"]","query":"SELECT `bopp2j6tzvcphyfrbpaz`.`users`.`id` FROM `bopp2j6tzvcphyfrbpaz`.`users` WHERE (`bopp2j6tzvcphyfrbpaz`.`users`.`id` = ? AND 1=1)","target":"quaint::connector::metrics","timestamp":"2024-07-03T08:01:34.971Z"}}
{"level":"info","message":{"duration":381,"params":"[\"$2b$10$jov7d9Y9HqeH5.IoaeW0FuZgRlQxZjUJ7loUdLtlp/5YHpblZA9OW\",\"6e2ee82b-4ae6-4042-9ddc-128a2795f508\",\"6e2ee82b-4ae6-4042-9ddc-128a2795f508\"]","query":"UPDATE `bopp2j6tzvcphyfrbpaz`.`users` SET `password` = ? WHERE (`bopp2j6tzvcphyfrbpaz`.`users`.`id` IN (?) AND (`bopp2j6tzvcphyfrbpaz`.`users`.`id` = ? AND 1=1))","target":"quaint::connector::metrics","timestamp":"2024-07-03T08:01:35.353Z"}}
{"level":"info","message":{"duration":381,"params":"[\"6e2ee82b-4ae6-4042-9ddc-128a2795f508\",1,0]","query":"SELECT `bopp2j6tzvcphyfrbpaz`.`users`.`id`, `bopp2j6tzvcphyfrbpaz`.`users`.`username` FROM `bopp2j6tzvcphyfrbpaz`.`users` WHERE `bopp2j6tzvcphyfrbpaz`.`users`.`id` = ? LIMIT ? OFFSET ?","target":"quaint::connector::metrics","timestamp":"2024-07-03T08:01:35.735Z"}}
{"level":"info","message":{"duration":192,"params":"[]","query":"COMMIT","target":"quaint::connector::metrics","timestamp":"2024-07-03T08:01:35.928Z"}}
{"level":"info","message":{"duration":193,"params":"[\"6e2ee82b-4ae6-4042-9ddc-128a2795f508\",1,0]","query":"SELECT `bopp2j6tzvcphyfrbpaz`.`users`.`id`, `bopp2j6tzvcphyfrbpaz`.`users`.`username`, `bopp2j6tzvcphyfrbpaz`.`users`.`password`, `bopp2j6tzvcphyfrbpaz`.`users`.`first_name`, `bopp2j6tzvcphyfrbpaz`.`users`.`last_name` FROM `bopp2j6tzvcphyfrbpaz`.`users` WHERE (`bopp2j6tzvcphyfrbpaz`.`users`.`id` = ? AND 1=1) LIMIT ? OFFSET ?","target":"quaint::connector::metrics","timestamp":"2024-07-03T08:01:46.700Z"}}
{"level":"info","message":{"duration":197,"params":"[]","query":"BEGIN","target":"quaint::connector::metrics","timestamp":"2024-07-03T08:01:47.007Z"}}
{"level":"info","message":{"duration":192,"params":"[\"6e2ee82b-4ae6-4042-9ddc-128a2795f508\"]","query":"SELECT `bopp2j6tzvcphyfrbpaz`.`users`.`id` FROM `bopp2j6tzvcphyfrbpaz`.`users` WHERE (`bopp2j6tzvcphyfrbpaz`.`users`.`id` = ? AND 1=1)","target":"quaint::connector::metrics","timestamp":"2024-07-03T08:01:47.199Z"}}
{"level":"info","message":{"duration":201,"params":"[\"$2b$10$IClVBCw0qc1p0EOeevlc8u0V5mM3k.G7bfWJUFkDYNNzVWW1ZyZKS\",\"6e2ee82b-4ae6-4042-9ddc-128a2795f508\",\"6e2ee82b-4ae6-4042-9ddc-128a2795f508\"]","query":"UPDATE `bopp2j6tzvcphyfrbpaz`.`users` SET `password` = ? WHERE (`bopp2j6tzvcphyfrbpaz`.`users`.`id` IN (?) AND (`bopp2j6tzvcphyfrbpaz`.`users`.`id` = ? AND 1=1))","target":"quaint::connector::metrics","timestamp":"2024-07-03T08:01:47.401Z"}}
{"level":"info","message":{"duration":194,"params":"[\"6e2ee82b-4ae6-4042-9ddc-128a2795f508\",1,0]","query":"SELECT `bopp2j6tzvcphyfrbpaz`.`users`.`id`, `bopp2j6tzvcphyfrbpaz`.`users`.`username` FROM `bopp2j6tzvcphyfrbpaz`.`users` WHERE `bopp2j6tzvcphyfrbpaz`.`users`.`id` = ? LIMIT ? OFFSET ?","target":"quaint::connector::metrics","timestamp":"2024-07-03T08:01:47.595Z"}}
{"level":"info","message":{"duration":196,"params":"[]","query":"COMMIT","target":"quaint::connector::metrics","timestamp":"2024-07-03T08:01:47.792Z"}}
{"level":"info","message":{"duration":197,"params":"[]","query":"SELECT 1","target":"quaint::connector::metrics","timestamp":"2024-07-03T08:03:39.699Z"}}
{"level":"info","message":{"duration":192,"params":"[\"6e2ee82b-4ae6-4042-9ddc-128a2795f508\",1,0]","query":"SELECT `bopp2j6tzvcphyfrbpaz`.`users`.`id`, `bopp2j6tzvcphyfrbpaz`.`users`.`username`, `bopp2j6tzvcphyfrbpaz`.`users`.`password`, `bopp2j6tzvcphyfrbpaz`.`users`.`first_name`, `bopp2j6tzvcphyfrbpaz`.`users`.`last_name` FROM `bopp2j6tzvcphyfrbpaz`.`users` WHERE (`bopp2j6tzvcphyfrbpaz`.`users`.`id` = ? AND 1=1) LIMIT ? OFFSET ?","target":"quaint::connector::metrics","timestamp":"2024-07-03T08:03:39.892Z"}}
{"level":"info","message":{"duration":193,"params":"[]","query":"BEGIN","target":"quaint::connector::metrics","timestamp":"2024-07-03T08:03:40.195Z"}}
{"level":"info","message":{"duration":195,"params":"[\"6e2ee82b-4ae6-4042-9ddc-128a2795f508\"]","query":"SELECT `bopp2j6tzvcphyfrbpaz`.`users`.`id` FROM `bopp2j6tzvcphyfrbpaz`.`users` WHERE (`bopp2j6tzvcphyfrbpaz`.`users`.`id` = ? AND 1=1)","target":"quaint::connector::metrics","timestamp":"2024-07-03T08:03:40.391Z"}}
{"level":"info","message":{"duration":195,"params":"[\"$2b$10$qW09rq83WCTAHXkaZS6WhubSzzPbaeyx8yNp5wzqVXWuuCvENdsFS\",\"6e2ee82b-4ae6-4042-9ddc-128a2795f508\",\"6e2ee82b-4ae6-4042-9ddc-128a2795f508\"]","query":"UPDATE `bopp2j6tzvcphyfrbpaz`.`users` SET `password` = ? WHERE (`bopp2j6tzvcphyfrbpaz`.`users`.`id` IN (?) AND (`bopp2j6tzvcphyfrbpaz`.`users`.`id` = ? AND 1=1))","target":"quaint::connector::metrics","timestamp":"2024-07-03T08:03:40.587Z"}}
{"level":"info","message":{"duration":198,"params":"[\"6e2ee82b-4ae6-4042-9ddc-128a2795f508\",1,0]","query":"SELECT `bopp2j6tzvcphyfrbpaz`.`users`.`id`, `bopp2j6tzvcphyfrbpaz`.`users`.`username` FROM `bopp2j6tzvcphyfrbpaz`.`users` WHERE `bopp2j6tzvcphyfrbpaz`.`users`.`id` = ? LIMIT ? OFFSET ?","target":"quaint::connector::metrics","timestamp":"2024-07-03T08:03:40.785Z"}}
{"level":"info","message":{"duration":196,"params":"[]","query":"COMMIT","target":"quaint::connector::metrics","timestamp":"2024-07-03T08:03:40.982Z"}}
{"level":"info","message":{"duration":212,"params":"[]","query":"SELECT 1","target":"quaint::connector::metrics","timestamp":"2024-07-03T08:06:53.547Z"}}
{"level":"info","message":{"duration":405,"params":"[\"6e2ee82b-4ae6-4042-9ddc-128a2795f508\"]","query":"SELECT COUNT(*) FROM (SELECT `bopp2j6tzvcphyfrbpaz`.`users`.`id` FROM `bopp2j6tzvcphyfrbpaz`.`users` WHERE `bopp2j6tzvcphyfrbpaz`.`users`.`id` = ?) AS `sub`","target":"quaint::connector::metrics","timestamp":"2024-07-03T08:06:53.952Z"}}
{"level":"info","message":{"duration":209,"params":"[]","query":"BEGIN","target":"quaint::connector::metrics","timestamp":"2024-07-03T08:06:54.164Z"}}
{"level":"info","message":{"duration":205,"params":"[\"6e2ee82b-4ae6-4042-9ddc-128a2795f508\"]","query":"SELECT `bopp2j6tzvcphyfrbpaz`.`users`.`id` FROM `bopp2j6tzvcphyfrbpaz`.`users` WHERE (`bopp2j6tzvcphyfrbpaz`.`users`.`id` = ? AND 1=1)","target":"quaint::connector::metrics","timestamp":"2024-07-03T08:06:54.369Z"}}
{"level":"info","message":{"duration":424,"params":"[\"bang\",\"jago\",\"6e2ee82b-4ae6-4042-9ddc-128a2795f508\",\"6e2ee82b-4ae6-4042-9ddc-128a2795f508\"]","query":"UPDATE `bopp2j6tzvcphyfrbpaz`.`users` SET `first_name` = ?, `last_name` = ? WHERE (`bopp2j6tzvcphyfrbpaz`.`users`.`id` IN (?) AND (`bopp2j6tzvcphyfrbpaz`.`users`.`id` = ? AND 1=1))","target":"quaint::connector::metrics","timestamp":"2024-07-03T08:06:54.793Z"}}
{"level":"info","message":{"duration":426,"params":"[\"6e2ee82b-4ae6-4042-9ddc-128a2795f508\",1,0]","query":"SELECT `bopp2j6tzvcphyfrbpaz`.`users`.`id`, `bopp2j6tzvcphyfrbpaz`.`users`.`username`, `bopp2j6tzvcphyfrbpaz`.`users`.`first_name`, `bopp2j6tzvcphyfrbpaz`.`users`.`last_name` FROM `bopp2j6tzvcphyfrbpaz`.`users` WHERE `bopp2j6tzvcphyfrbpaz`.`users`.`id` = ? LIMIT ? OFFSET ?","target":"quaint::connector::metrics","timestamp":"2024-07-03T08:06:55.220Z"}}
{"level":"info","message":{"duration":217,"params":"[]","query":"COMMIT","target":"quaint::connector::metrics","timestamp":"2024-07-03T08:06:55.438Z"}}
